::1 - - [05/May/2021:19:33:33 +0000] "GET / HTTP/1.1" 200 24 "-" "Mozilla/5.0 (Macintosh; Intel Mac OS X 10_15_7) AppleWebKit/537.36 (KHTML, like Gecko) Chrome/90.0.4430.93 Safari/537.36"
::1 - - [05/May/2021:19:33:52 +0000] "GET /actors HTTP/1.1" 404 145 "-" "Mozilla/5.0 (Macintosh; Intel Mac OS X 10_15_7) AppleWebKit/537.36 (KHTML, like Gecko) Chrome/90.0.4430.93 Safari/537.36"
::1 - - [05/May/2021:19:34:14 +0000] "GET /api/v1/actors HTTP/1.1" 500 61 "-" "Mozilla/5.0 (Macintosh; Intel Mac OS X 10_15_7) AppleWebKit/537.36 (KHTML, like Gecko) Chrome/90.0.4430.93 Safari/537.36"
::1 - - [05/May/2021:19:35:58 +0000] "GET /api/v1/ HTTP/1.1" 404 146 "-" "Mozilla/5.0 (Macintosh; Intel Mac OS X 10_15_7) AppleWebKit/537.36 (KHTML, like Gecko) Chrome/90.0.4430.93 Safari/537.36"
::1 - - [05/May/2021:19:36:05 +0000] "GET / HTTP/1.1" 304 - "-" "Mozilla/5.0 (Macintosh; Intel Mac OS X 10_15_7) AppleWebKit/537.36 (KHTML, like Gecko) Chrome/90.0.4430.93 Safari/537.36"
::1 - - [05/May/2021:19:36:39 +0000] "GET /api/v1/routes/actors HTTP/1.1" 404 159 "-" "Mozilla/5.0 (Macintosh; Intel Mac OS X 10_15_7) AppleWebKit/537.36 (KHTML, like Gecko) Chrome/90.0.4430.93 Safari/537.36"
::1 - - [05/May/2021:19:36:51 +0000] "GET /api/v1/actors HTTP/1.1" 500 61 "-" "Mozilla/5.0 (Macintosh; Intel Mac OS X 10_15_7) AppleWebKit/537.36 (KHTML, like Gecko) Chrome/90.0.4430.93 Safari/537.36"
::1 - - [05/May/2021:19:37:11 +0000] "GET /api/v1/actors HTTP/1.1" 500 61 "http://localhost:8000/api-docs/" "Mozilla/5.0 (Macintosh; Intel Mac OS X 10_15_7) AppleWebKit/537.36 (KHTML, like Gecko) Chrome/90.0.4430.93 Safari/537.36"
::1 - - [05/May/2021:19:41:17 +0000] "GET / HTTP/1.1" 304 - "-" "Mozilla/5.0 (Macintosh; Intel Mac OS X 10_15_7) AppleWebKit/537.36 (KHTML, like Gecko) Chrome/90.0.4430.93 Safari/537.36"
::1 - - [05/May/2021:19:41:18 +0000] "POST /api/v1/actors HTTP/1.1" - - "http://localhost:8000/api-docs/" "Mozilla/5.0 (Macintosh; Intel Mac OS X 10_15_7) AppleWebKit/537.36 (KHTML, like Gecko) Chrome/90.0.4430.93 Safari/537.36"
::1 - - [05/May/2021:19:55:30 +0000] "GET /api/v1/actors HTTP/1.1" 500 61 "http://localhost:8000/api-docs/" "Mozilla/5.0 (Macintosh; Intel Mac OS X 10_15_7) AppleWebKit/537.36 (KHTML, like Gecko) Chrome/90.0.4430.93 Safari/537.36"
::1 - - [05/May/2021:19:55:42 +0000] "GET /actors HTTP/1.1" 404 145 "-" "PostmanRuntime/7.28.0"
::1 - - [05/May/2021:19:55:58 +0000] "GET /api/v1/actors HTTP/1.1" 500 61 "-" "PostmanRuntime/7.28.0"
::1 - - [05/May/2021:19:59:11 +0000] "GET /api/v1/actors HTTP/1.1" 500 61 "-" "PostmanRuntime/7.28.0"
::1 - - [05/May/2021:20:14:29 +0000] "GET /api/v1/actors HTTP/1.1" 500 61 "-" "PostmanRuntime/7.28.0"
::1 - - [05/May/2021:20:14:46 +0000] "GET /api/v1/Actors HTTP/1.1" 500 61 "-" "PostmanRuntime/7.28.0"
::1 - - [05/May/2021:20:14:53 +0000] "GET /api/v1/actors HTTP/1.1" 500 61 "-" "PostmanRuntime/7.28.0"
::1 - - [05/May/2021:20:15:32 +0000] "GET /api/v1/actors HTTP/1.1" 500 61 "-" "PostmanRuntime/7.28.0"
::1 - - [05/May/2021:20:15:48 +0000] "GET /api/v1/actors HTTP/1.1" 500 61 "-" "PostmanRuntime/7.28.0"
::1 - - [05/May/2021:20:18:17 +0000] "GET /api/v1/actors HTTP/1.1" 500 61 "http://localhost:8000/api-docs/" "Mozilla/5.0 (Macintosh; Intel Mac OS X 10_15_7) AppleWebKit/537.36 (KHTML, like Gecko) Chrome/90.0.4430.93 Safari/537.36"
::1 - - [05/May/2021:20:20:07 +0000] "GET /api/v1/actors HTTP/1.1" 500 61 "http://localhost:8000/api-docs/" "Mozilla/5.0 (Macintosh; Intel Mac OS X 10_15_7) AppleWebKit/537.36 (KHTML, like Gecko) Chrome/90.0.4430.93 Safari/537.36"
::1 - - [05/May/2021:20:21:53 +0000] "GET /api/v1/directors HTTP/1.1" 500 61 "http://localhost:8000/api-docs/" "Mozilla/5.0 (Macintosh; Intel Mac OS X 10_15_7) AppleWebKit/537.36 (KHTML, like Gecko) Chrome/90.0.4430.93 Safari/537.36"
::1 - - [05/May/2021:20:25:43 +0000] "GET /api/v1/actors HTTP/1.1" 500 61 "-" "PostmanRuntime/7.28.0"
::1 - - [05/May/2021:20:29:38 +0000] "GET /api/v1/actors HTTP/1.1" 200 325 "-" "PostmanRuntime/7.28.0"
::1 - - [05/May/2021:20:32:07 +0000] "GET /api/v1/actors HTTP/1.1" 200 325 "http://localhost:8000/api-docs/" "Mozilla/5.0 (Macintosh; Intel Mac OS X 10_15_7) AppleWebKit/537.36 (KHTML, like Gecko) Chrome/90.0.4430.93 Safari/537.36"
::1 - - [05/May/2021:20:32:57 +0000] "POST /api/v1/actors HTTP/1.1" 200 288 "http://localhost:8000/api-docs/" "Mozilla/5.0 (Macintosh; Intel Mac OS X 10_15_7) AppleWebKit/537.36 (KHTML, like Gecko) Chrome/90.0.4430.93 Safari/537.36"
::1 - - [05/May/2021:20:33:11 +0000] "GET /api/v1/actors HTTP/1.1" 200 614 "http://localhost:8000/api-docs/" "Mozilla/5.0 (Macintosh; Intel Mac OS X 10_15_7) AppleWebKit/537.36 (KHTML, like Gecko) Chrome/90.0.4430.93 Safari/537.36"
::1 - - [06/May/2021:03:14:11 +0000] "GET / HTTP/1.1" 304 - "-" "Mozilla/5.0 (Macintosh; Intel Mac OS X 10_15_7) AppleWebKit/537.36 (KHTML, like Gecko) Chrome/90.0.4430.93 Safari/537.36"
::1 - - [06/May/2021:03:14:11 +0000] "GET /favicon.ico HTTP/1.1" 404 150 "http://localhost:8000/" "Mozilla/5.0 (Macintosh; Intel Mac OS X 10_15_7) AppleWebKit/537.36 (KHTML, like Gecko) Chrome/90.0.4430.93 Safari/537.36"
::1 - - [06/May/2021:03:14:25 +0000] "GET /api/v1/actors HTTP/1.1" 200 1071 "-" "Mozilla/5.0 (Macintosh; Intel Mac OS X 10_15_7) AppleWebKit/537.36 (KHTML, like Gecko) Chrome/90.0.4430.93 Safari/537.36"
::1 - - [06/May/2021:15:55:01 +0000] "GET /api/v1/directors HTTP/1.1" 200 2 "-" "Mozilla/5.0 (Macintosh; Intel Mac OS X 10_15_7) AppleWebKit/537.36 (KHTML, like Gecko) Chrome/90.0.4430.93 Safari/537.36"
::1 - - [06/May/2021:15:55:14 +0000] "GET /api/v1/contents HTTP/1.1" 404 154 "-" "Mozilla/5.0 (Macintosh; Intel Mac OS X 10_15_7) AppleWebKit/537.36 (KHTML, like Gecko) Chrome/90.0.4430.93 Safari/537.36"
::1 - - [06/May/2021:15:55:20 +0000] "GET /api/v1/actors HTTP/1.1" 304 - "-" "Mozilla/5.0 (Macintosh; Intel Mac OS X 10_15_7) AppleWebKit/537.36 (KHTML, like Gecko) Chrome/90.0.4430.93 Safari/537.36"
::1 - - [06/May/2021:19:08:41 +0000] "GET / HTTP/1.1" 304 - "-" "Mozilla/5.0 (Macintosh; Intel Mac OS X 10_15_7) AppleWebKit/537.36 (KHTML, like Gecko) Chrome/90.0.4430.93 Safari/537.36"
::1 - - [10/May/2021:16:56:11 +0000] "POST /api/v1/users HTTP/1.1" 404 152 "-" "PostmanRuntime/7.28.0"
::1 - - [10/May/2021:17:06:13 +0000] "GET /api/v1/actors HTTP/1.1" 200 1071 "-" "PostmanRuntime/7.28.0"
::1 - - [10/May/2021:17:08:08 +0000] "POST /api/v1/users HTTP/1.1" 500 61 "-" "PostmanRuntime/7.28.0"
::1 - - [10/May/2021:17:09:08 +0000] "POST /api/v1/users HTTP/1.1" 200 182 "-" "PostmanRuntime/7.28.0"
::1 - - [10/May/2021:17:18:21 +0000] "POST /api/v1/actors HTTP/1.1" 200 182 "-" "PostmanRuntime/7.28.0"
::1 - - [11/May/2021:01:41:54 +0000] "POST /api/v1/gallery HTTP/1.1" 200 - "-" "PostmanRuntime/7.28.0"
::1 - - [11/May/2021:01:42:00 +0000] "POST /api/v1/gallery HTTP/1.1" 200 - "-" "PostmanRuntime/7.28.0"
::1 - - [11/May/2021:01:42:16 +0000] "POST /api/v1/gallery HTTP/1.1" 200 - "-" "PostmanRuntime/7.28.0"
::1 - - [11/May/2021:01:53:11 +0000] "POST /api/v1/gallery HTTP/1.1" 500 16 "-" "insomnia/2021.3.0"
::1 - - [11/May/2021:01:53:50 +0000] "POST /api/v1/gallery HTTP/1.1" 500 16 "-" "insomnia/2021.3.0"
::1 - - [11/May/2021:02:00:37 +0000] "POST /api/v1/gallery HTTP/1.1" 500 16 "-" "insomnia/2021.3.0"
::1 - - [11/May/2021:02:00:37 +0000] "POST /api/v1/gallery HTTP/1.1" 500 16 "-" "insomnia/2021.3.0"
::1 - - [11/May/2021:02:02:54 +0000] "POST /api/v1/gallery HTTP/1.1" 200 204 "-" "insomnia/2021.3.0"
::1 - - [11/May/2021:02:02:55 +0000] "POST /api/v1/gallery HTTP/1.1" 200 204 "-" "insomnia/2021.3.0"
::1 - - [11/May/2021:02:20:22 +0000] "POST /api/v1/gallery HTTP/1.1" 200 247 "-" "insomnia/2021.3.0"
::1 - - [11/May/2021:16:45:02 +0000] "POST /api/v1/gallery HTTP/1.1" 200 247 "-" "insomnia/2021.3.0"
::1 - - [11/May/2021:17:09:20 +0000] "POST /api/v1/users HTTP/1.1" 404 152 "-" "PostmanRuntime/7.28.0"
::1 - - [11/May/2021:17:11:52 +0000] "POST /api/v1/users HTTP/1.1" 404 152 "-" "PostmanRuntime/7.28.0"
::1 - - [11/May/2021:17:13:14 +0000] "POST /api/v1/users HTTP/1.1" 200 202 "-" "PostmanRuntime/7.28.0"
::1 - - [11/May/2021:17:14:19 +0000] "POST /api/v1/users HTTP/1.1" 500 16 "-" "PostmanRuntime/7.28.0"
::1 - - [11/May/2021:17:14:57 +0000] "POST /api/v1/users HTTP/1.1" 200 205 "-" "PostmanRuntime/7.28.0"
::1 - - [11/May/2021:17:24:12 +0000] "POST /api/v1/users HTTP/1.1" 500 16 "-" "PostmanRuntime/7.28.0"
::1 - - [11/May/2021:17:27:47 +0000] "POST /api/v1/users HTTP/1.1" 200 259 "-" "PostmanRuntime/7.28.0"
::1 - - [11/May/2021:17:55:20 +0000] "PUT /api/v1/users/4?firstname=Alejandro&lastname=Maldonado%20Martinez&email=alex@mail.com&password=xime456&rest_token=false&active=true HTTP/1.1" 500 16 "-" "PostmanRuntime/7.28.0"
::1 - - [11/May/2021:17:55:21 +0000] "PUT /api/v1/users/4?firstname=Alejandro&lastname=Maldonado%20Martinez&email=alex@mail.com&password=xime456&rest_token=false&active=true HTTP/1.1" 500 16 "-" "PostmanRuntime/7.28.0"
::1 - - [11/May/2021:17:57:05 +0000] "PUT /api/v1/users/4?firstname=Alejandro&lastname=Maldonado%20Martinez&email=alex@mail.com&password=xime456&rest_token=false&active=true HTTP/1.1" 500 16 "-" "PostmanRuntime/7.28.0"
::1 - - [11/May/2021:17:57:17 +0000] "PUT /api/v1/users/4?firstname=Alejandro&lastname=Maldonado%20Martinez&email=alex@mail.com&password=xime456&rest_token=false&active=true HTTP/1.1" 500 16 "-" "PostmanRuntime/7.28.0"
::1 - - [11/May/2021:17:58:00 +0000] "POST /api/v1/users HTTP/1.1" 200 259 "-" "PostmanRuntime/7.28.0"
::1 - - [11/May/2021:18:00:35 +0000] "PUT /api/v1/users/5 HTTP/1.1" 500 16 "-" "PostmanRuntime/7.28.0"
::1 - - [11/May/2021:18:01:03 +0000] "PUT /api/v1/users/5 HTTP/1.1" 500 16 "-" "PostmanRuntime/7.28.0"
::1 - - [11/May/2021:18:02:59 +0000] "PUT /api/v1/users/5 HTTP/1.1" 500 16 "-" "PostmanRuntime/7.28.0"
::1 - - [11/May/2021:18:04:18 +0000] "PUT /api/v1/users/5 HTTP/1.1" 500 16 "-" "PostmanRuntime/7.28.0"
::1 - - [11/May/2021:18:12:43 +0000] "PUT /api/v1/users/5 HTTP/1.1" 500 16 "-" "PostmanRuntime/7.28.0"
::1 - - [11/May/2021:18:13:10 +0000] "PUT /api/v1/users/5 HTTP/1.1" 500 16 "-" "PostmanRuntime/7.28.0"
::1 - - [11/May/2021:18:14:05 +0000] "PUT /api/v1/users/5 HTTP/1.1" 500 16 "-" "PostmanRuntime/7.28.0"
::1 - - [11/May/2021:18:14:25 +0000] "PUT /api/v1/users/5 HTTP/1.1" 500 16 "-" "PostmanRuntime/7.28.0"
::1 - - [11/May/2021:18:23:05 +0000] "PUT /api/v1/users/5 HTTP/1.1" 200 3 "-" "PostmanRuntime/7.28.0"
::1 - - [11/May/2021:18:47:51 +0000] "GET /api/v1/users HTTP/1.1" 200 534 "-" "insomnia/2021.3.0"
::1 - - [11/May/2021:19:19:43 +0000] "POST /api/v1/login HTTP/1.1" - - "-" "insomnia/2021.3.0"
::1 - - [11/May/2021:20:03:18 +0000] "POST /api/v1/login HTTP/1.1" - - "-" "insomnia/2021.3.0"
::1 - - [11/May/2021:20:03:46 +0000] "POST /api/v1/login HTTP/1.1" 404 152 "-" "insomnia/2021.3.0"
::1 - - [11/May/2021:20:04:24 +0000] "POST /api/v1/auth HTTP/1.1" - - "-" "insomnia/2021.3.0"
::1 - - [11/May/2021:21:33:36 +0000] "POST /api/v1/auth HTTP/1.1" - - "-" "insomnia/2021.3.0"
::1 - - [11/May/2021:21:36:31 +0000] "POST /api/v1/auth HTTP/1.1" 500 16 "-" "insomnia/2021.3.0"
::1 - - [11/May/2021:22:03:01 +0000] "GET /api/v1/users/alex@mail.com HTTP/1.1" 500 16 "-" "insomnia/2021.3.0"
::1 - - [11/May/2021:22:03:02 +0000] "GET /api/v1/users/alex@mail.com HTTP/1.1" 500 16 "-" "insomnia/2021.3.0"
::1 - - [11/May/2021:22:06:16 +0000] "GET /api/v1/users/alex@mail.com HTTP/1.1" - - "-" "insomnia/2021.3.0"
::1 - - [11/May/2021:22:06:43 +0000] "GET /api/v1/users HTTP/1.1" 200 534 "-" "insomnia/2021.3.0"
::1 - - [11/May/2021:22:08:53 +0000] "GET /api/v1/users/alex@mail.com HTTP/1.1" - - "-" "insomnia/2021.3.0"
::1 - - [11/May/2021:22:11:58 +0000] "GET /api/v1/users/alex@mail.com HTTP/1.1" - - "-" "insomnia/2021.3.0"
::1 - - [11/May/2021:22:12:27 +0000] "GET /api/v1/users/alex@mail.com HTTP/1.1" - - "-" "insomnia/2021.3.0"
::1 - - [11/May/2021:22:13:18 +0000] "GET /api/v1/users/alex@mail.com HTTP/1.1" - - "-" "insomnia/2021.3.0"
::1 - - [11/May/2021:22:13:44 +0000] "GET /api/v1/users/alexa@mail.com HTTP/1.1" - - "-" "insomnia/2021.3.0"
::1 - - [11/May/2021:22:14:06 +0000] "GET /api/v1/users HTTP/1.1" 200 534 "-" "insomnia/2021.3.0"
::1 - - [11/May/2021:22:14:19 +0000] "GET /api/v1/users HTTP/1.1" 200 534 "-" "insomnia/2021.3.0"
::1 - - [11/May/2021:22:14:23 +0000] "GET /api/v1/users HTTP/1.1" 200 534 "-" "insomnia/2021.3.0"
::1 - - [11/May/2021:22:15:02 +0000] "GET /api/v1/users HTTP/1.1" 200 534 "-" "insomnia/2021.3.0"
::1 - - [11/May/2021:22:15:07 +0000] "GET /api/v1/users HTTP/1.1" 200 534 "-" "insomnia/2021.3.0"
::1 - - [11/May/2021:22:16:01 +0000] "GET /api/v1/users HTTP/1.1" 200 534 "-" "insomnia/2021.3.0"
::1 - - [11/May/2021:22:17:55 +0000] "GET /api/v1/users/xime90@mail.com HTTP/1.1" - - "-" "insomnia/2021.3.0"
::1 - - [11/May/2021:22:18:03 +0000] "GET /api/v1/users/xime90@mail.com HTTP/1.1" 500 16 "-" "insomnia/2021.3.0"
::1 - - [11/May/2021:22:18:19 +0000] "GET /api/v1/users/xime90@mail.com HTTP/1.1" - - "-" "insomnia/2021.3.0"
::1 - - [11/May/2021:22:18:36 +0000] "GET /api/v1/users/xime90@mail.com HTTP/1.1" 200 270 "-" "insomnia/2021.3.0"
::1 - - [11/May/2021:22:30:52 +0000] "GET /api/v1/login HTTP/1.1" 404 151 "-" "insomnia/2021.3.0"
::1 - - [11/May/2021:22:34:20 +0000] "GET /api/v1/login HTTP/1.1" 404 151 "-" "insomnia/2021.3.0"
::1 - - [11/May/2021:22:35:27 +0000] "GET /api/v1/login HTTP/1.1" 404 151 "-" "insomnia/2021.3.0"
::1 - - [11/May/2021:22:36:26 +0000] "GET /api/v1/login HTTP/1.1" 404 151 "-" "insomnia/2021.3.0"
::1 - - [11/May/2021:22:36:26 +0000] "GET /api/v1/login HTTP/1.1" 404 151 "-" "insomnia/2021.3.0"
::1 - - [11/May/2021:22:39:10 +0000] "GET /api/v1/login HTTP/1.1" 404 151 "-" "insomnia/2021.3.0"
::1 - - [11/May/2021:22:39:51 +0000] "GET /api/v1/login HTTP/1.1" 404 151 "-" "insomnia/2021.3.0"
::1 - - [11/May/2021:22:42:27 +0000] "GET /api/v1/login HTTP/1.1" 404 151 "-" "insomnia/2021.3.0"
::1 - - [11/May/2021:22:44:10 +0000] "GET /api/v1/login HTTP/1.1" 500 16 "-" "insomnia/2021.3.0"
::1 - - [11/May/2021:22:44:39 +0000] "GET /api/v1/login HTTP/1.1" - - "-" "insomnia/2021.3.0"
::1 - - [11/May/2021:22:44:55 +0000] "GET /api/v1/login HTTP/1.1" - - "-" "insomnia/2021.3.0"
::1 - - [11/May/2021:22:45:42 +0000] "GET /api/v1/login HTTP/1.1" - - "-" "insomnia/2021.3.0"
::1 - - [11/May/2021:22:46:02 +0000] "GET /api/v1/login HTTP/1.1" - - "-" "insomnia/2021.3.0"
::1 - - [11/May/2021:22:55:10 +0000] "GET /api/v1/login HTTP/1.1" 200 542 "-" "insomnia/2021.3.0"
::1 - - [11/May/2021:23:06:32 +0000] "GET /api/v1/login HTTP/1.1" 200 542 "-" "insomnia/2021.3.0"
::1 - - [11/May/2021:23:06:40 +0000] "GET /api/v1/login HTTP/1.1" 200 542 "-" "insomnia/2021.3.0"
::1 - - [11/May/2021:23:07:12 +0000] "GET /api/v1/login HTTP/1.1" 200 542 "-" "insomnia/2021.3.0"
::1 - - [11/May/2021:23:07:18 +0000] "GET /api/v1/login HTTP/1.1" 200 542 "-" "insomnia/2021.3.0"
::1 - - [11/May/2021:23:07:29 +0000] "GET /api/v1/login HTTP/1.1" 200 542 "-" "insomnia/2021.3.0"
::1 - - [11/May/2021:23:08:53 +0000] "GET /api/v1/login HTTP/1.1" 200 542 "-" "insomnia/2021.3.0"
::1 - - [11/May/2021:23:11:08 +0000] "GET /api/v1/login HTTP/1.1" - - "-" "insomnia/2021.3.0"
::1 - - [11/May/2021:23:11:28 +0000] "GET /api/v1/login HTTP/1.1" - - "-" "insomnia/2021.3.0"
::1 - - [11/May/2021:23:12:19 +0000] "GET /api/v1/login HTTP/1.1" - - "-" "insomnia/2021.3.0"
::1 - - [11/May/2021:23:17:58 +0000] "GET /api/v1/login HTTP/1.1" - - "-" "insomnia/2021.3.0"
::1 - - [11/May/2021:23:21:02 +0000] "POST /api/v1/users/ HTTP/1.1" 200 258 "-" "insomnia/2021.3.0"
::1 - - [11/May/2021:23:21:43 +0000] "GET /api/v1/login HTTP/1.1" 200 526 "-" "insomnia/2021.3.0"
::1 - - [12/May/2021:16:13:45 +0000] "GET /api/v1/users HTTP/1.1" 200 37 "-" "insomnia/2021.3.0"
::1 - - [12/May/2021:16:14:19 +0000] "GET /api/v1/users HTTP/1.1" 500 16 "-" "insomnia/2021.3.0"
::1 - - [12/May/2021:16:15:03 +0000] "GET /api/v1/users HTTP/1.1" 200 29 "-" "insomnia/2021.3.0"
::1 - - [12/May/2021:16:15:04 +0000] "GET /api/v1/users HTTP/1.1" 200 29 "-" "insomnia/2021.3.0"
::1 - - [12/May/2021:16:15:30 +0000] "GET /api/v1/users HTTP/1.1" 200 29 "-" "insomnia/2021.3.0"
::1 - - [12/May/2021:16:16:36 +0000] "GET /api/v1/users HTTP/1.1" 500 16 "-" "insomnia/2021.3.0"
::1 - - [12/May/2021:16:16:51 +0000] "GET /api/v1/users HTTP/1.1" 200 29 "-" "insomnia/2021.3.0"
::1 - - [12/May/2021:16:17:11 +0000] "GET /api/v1/users HTTP/1.1" 200 29 "-" "insomnia/2021.3.0"
::1 - - [12/May/2021:16:17:12 +0000] "GET /api/v1/users HTTP/1.1" 200 29 "-" "insomnia/2021.3.0"
::1 - - [12/May/2021:16:18:32 +0000] "GET /api/v1/users HTTP/1.1" 200 29 "-" "insomnia/2021.3.0"
::1 - - [12/May/2021:16:44:08 +0000] "GET /api/v1/login HTTP/1.1" 200 526 "-" "insomnia/2021.3.0"
::1 - - [12/May/2021:16:44:34 +0000] "GET /api/v1/users HTTP/1.1" 200 793 "-" "insomnia/2021.3.0"
::1 - - [12/May/2021:16:44:46 +0000] "GET /api/v1/users HTTP/1.1" 200 29 "-" "insomnia/2021.3.0"
::1 - - [12/May/2021:16:45:50 +0000] "GET /api/v1/users HTTP/1.1" 200 29 "-" "insomnia/2021.3.0"
::1 - - [12/May/2021:16:46:47 +0000] "GET /api/v1/users HTTP/1.1" 200 793 "-" "insomnia/2021.3.0"
::1 - - [12/May/2021:16:46:56 +0000] "GET /api/v1/users HTTP/1.1" 200 29 "-" "insomnia/2021.3.0"
::1 - - [12/May/2021:16:47:03 +0000] "GET /api/v1/users HTTP/1.1" 200 29 "-" "insomnia/2021.3.0"
::1 - - [12/May/2021:16:47:34 +0000] "GET /api/v1/users HTTP/1.1" 200 793 "-" "insomnia/2021.3.0"
::1 - - [12/May/2021:16:47:44 +0000] "GET /api/v1/users HTTP/1.1" 200 793 "-" "insomnia/2021.3.0"
::1 - - [12/May/2021:16:48:14 +0000] "GET /api/v1/users HTTP/1.1" 200 793 "-" "insomnia/2021.3.0"
::1 - - [12/May/2021:16:48:20 +0000] "GET /api/v1/users HTTP/1.1" 200 29 "-" "insomnia/2021.3.0"
::1 - - [12/May/2021:16:48:25 +0000] "GET /api/v1/users HTTP/1.1" 200 793 "-" "insomnia/2021.3.0"
::1 - - [12/May/2021:16:48:30 +0000] "GET /api/v1/users HTTP/1.1" 200 29 "-" "insomnia/2021.3.0"
::1 - - [12/May/2021:16:48:35 +0000] "GET /api/v1/users HTTP/1.1" 200 793 "-" "insomnia/2021.3.0"
::1 - - [12/May/2021:16:56:58 +0000] "GET /api/v1/actors HTTP/1.1" 200 37 "-" "insomnia/2021.3.0"
::1 - - [12/May/2021:16:57:14 +0000] "GET /api/v1/actors HTTP/1.1" 200 29 "-" "insomnia/2021.3.0"
::1 - - [12/May/2021:16:57:51 +0000] "GET /api/v1/actors HTTP/1.1" 200 37 "-" "insomnia/2021.3.0"
::1 - - [12/May/2021:16:57:58 +0000] "GET /api/v1/actors HTTP/1.1" 200 1254 "-" "insomnia/2021.3.0"
::1 - - [12/May/2021:17:39:47 +0000] "PUT /api/v1/actors/3/profile HTTP/1.1" 200 32 "-" "insomnia/2021.3.0"
::1 - - [12/May/2021:17:40:39 +0000] "PUT /api/v1/actors/3/profile HTTP/1.1" 500 16 "-" "insomnia/2021.3.0"
::1 - - [12/May/2021:17:43:09 +0000] "PUT /api/v1/actors/3/profile HTTP/1.1" 500 16 "-" "insomnia/2021.3.0"
::1 - - [12/May/2021:17:43:50 +0000] "PUT /api/v1/actors/3/profile HTTP/1.1" 200 234 "-" "insomnia/2021.3.0"
::1 - - [12/May/2021:17:49:43 +0000] "PUT /api/v1/actors/3/profile HTTP/1.1" 200 27 "-" "insomnia/2021.3.0"
::1 - - [12/May/2021:17:51:47 +0000] "GET /api/v1/login HTTP/1.1" 200 526 "-" "insomnia/2021.3.0"
::1 - - [12/May/2021:17:52:17 +0000] "PUT /api/v1/actors/3/profile HTTP/1.1" 200 234 "-" "insomnia/2021.3.0"
::1 - - [12/May/2021:17:52:50 +0000] "PUT /api/v1/actors/3/profile HTTP/1.1" 200 234 "-" "insomnia/2021.3.0"
::1 - - [12/May/2021:17:53:51 +0000] "PUT /api/v1/actors/3/profile HTTP/1.1" 200 234 "-" "insomnia/2021.3.0"
::1 - - [12/May/2021:17:55:23 +0000] "PUT /api/v1/actors/3/profile HTTP/1.1" 200 234 "-" "insomnia/2021.3.0"
::1 - - [12/May/2021:17:56:36 +0000] "PUT /api/v1/actors/3/profile HTTP/1.1" 200 234 "-" "insomnia/2021.3.0"
::1 - - [12/May/2021:17:57:06 +0000] "PUT /api/v1/actors/3/profile HTTP/1.1" 200 234 "-" "insomnia/2021.3.0"
::1 - - [12/May/2021:17:59:28 +0000] "PUT /api/v1/actors/3/profile HTTP/1.1" 200 234 "-" "insomnia/2021.3.0"
::1 - - [12/May/2021:18:03:22 +0000] "PUT /api/v1/actors/3/profile HTTP/1.1" 200 234 "-" "insomnia/2021.3.0"
::1 - - [12/May/2021:18:04:18 +0000] "PUT /api/v1/actors/3/profile HTTP/1.1" 200 234 "-" "insomnia/2021.3.0"
::1 - - [12/May/2021:18:06:52 +0000] "PUT /api/v1/actors/3/profile HTTP/1.1" 200 234 "-" "insomnia/2021.3.0"
::1 - - [12/May/2021:18:08:43 +0000] "PUT /api/v1/actors/3/profile HTTP/1.1" 200 234 "-" "insomnia/2021.3.0"
::1 - - [12/May/2021:18:14:25 +0000] "PUT /api/v1/actors/2/profile HTTP/1.1" 200 229 "-" "insomnia/2021.3.0"
::1 - - [12/May/2021:18:21:14 +0000] "GET /api/v1/directors HTTP/1.1" 200 32 "-" "insomnia/2021.3.0"
::1 - - [12/May/2021:18:21:40 +0000] "GET /api/v1/directors HTTP/1.1" 200 2 "-" "insomnia/2021.3.0"
::1 - - [12/May/2021:18:23:24 +0000] "GET /api/v1/directors HTTP/1.1" 200 3137 "-" "insomnia/2021.3.0"
::1 - - [12/May/2021:18:24:53 +0000] "PUT /api/v1/directors/4/profile HTTP/1.1" 200 225 "-" "insomnia/2021.3.0"
::1 - - [12/May/2021:18:26:34 +0000] "PUT /api/v1/directors/4/profile HTTP/1.1" 200 225 "-" "insomnia/2021.3.0"
::1 - - [12/May/2021:18:29:11 +0000] "PUT /api/v1/directors/4/profile HTTP/1.1" 200 231 "-" "insomnia/2021.3.0"
::1 - - [12/May/2021:21:16:38 +0000] "POST /api/v1/reset-password HTTP/1.1" 500 16 "-" "insomnia/2021.3.0"
::1 - - [12/May/2021:21:23:17 +0000] "POST /api/v1/reset-password HTTP/1.1" - - "-" "insomnia/2021.3.0"
::1 - - [12/May/2021:21:24:17 +0000] "POST /api/v1/reset-password HTTP/1.1" - - "-" "insomnia/2021.3.0"
::1 - - [12/May/2021:21:30:51 +0000] "POST /api/v1/reset-password HTTP/1.1" - - "-" "insomnia/2021.3.0"
::1 - - [12/May/2021:21:42:30 +0000] "POST /api/v1/reset-password HTTP/1.1" - - "-" "insomnia/2021.3.0"
::1 - - [12/May/2021:21:42:53 +0000] "POST /api/v1/reset-password HTTP/1.1" - - "-" "insomnia/2021.3.0"
::1 - - [12/May/2021:22:21:20 +0000] "POST /api/v1/reset-password HTTP/1.1" - - "-" "insomnia/2021.3.0"
::1 - - [12/May/2021:22:38:18 +0000] "POST /api/v1/users HTTP/1.1" 200 32 "-" "insomnia/2021.3.0"
::1 - - [12/May/2021:22:39:02 +0000] "POST /api/v1/users HTTP/1.1" 200 261 "-" "insomnia/2021.3.0"
::1 - - [13/May/2021:02:35:41 +0000] "POST /api/v1/users HTTP/1.1" 200 261 "-" "insomnia/2021.3.0"
::1 - - [13/May/2021:02:40:43 +0000] "POST /api/v1/users HTTP/1.1" 200 261 "-" "insomnia/2021.3.0"
::1 - - [13/May/2021:02:44:57 +0000] "POST /api/v1/users HTTP/1.1" 200 261 "-" "insomnia/2021.3.0"
::1 - - [13/May/2021:02:46:18 +0000] "POST /api/v1/users HTTP/1.1" 200 261 "-" "insomnia/2021.3.0"
::1 - - [13/May/2021:02:47:11 +0000] "POST /api/v1/users HTTP/1.1" 500 16 "-" "insomnia/2021.3.0"
::1 - - [13/May/2021:02:48:55 +0000] "POST /api/v1/users HTTP/1.1" 200 261 "-" "insomnia/2021.3.0"
::1 - - [13/May/2021:02:51:09 +0000] "POST /api/v1/users HTTP/1.1" 500 16 "-" "insomnia/2021.3.0"
::1 - - [13/May/2021:02:51:54 +0000] "POST /api/v1/users HTTP/1.1" 200 261 "-" "insomnia/2021.3.0"
::1 - - [13/May/2021:03:09:28 +0000] "POST /api/v1/reset-password HTTP/1.1" - - "-" "insomnia/2021.3.0"
::1 - - [13/May/2021:03:12:19 +0000] "POST /api/v1/users HTTP/1.1" 200 268 "-" "insomnia/2021.3.0"
::1 - - [13/May/2021:03:26:51 +0000] "POST /api/v1/users HTTP/1.1" 200 260 "-" "insomnia/2021.3.0"
::1 - - [13/May/2021:03:27:26 +0000] "GET /api/v1/verify/$2a$08$cP9cdfFIKZGRxq.yQNs4luBJg/nNhqFJQcbaYlJ.ED1BuCvC3Mouy HTTP/1.1" 404 213 "-" "Mozilla/5.0 (Macintosh; Intel Mac OS X 10_15_7) AppleWebKit/537.36 (KHTML, like Gecko) Chrome/90.0.4430.93 Safari/537.36"
::1 - - [13/May/2021:17:24:19 +0000] "GET /api/v1/verify/$2a$08$cP9cdfFIKZGRxq.yQNs4luBJg/nNhqFJQcbaYlJ.ED1BuCvC3Mouy HTTP/1.1" 404 213 "-" "Mozilla/5.0 (Macintosh; Intel Mac OS X 10_15_7) AppleWebKit/537.36 (KHTML, like Gecko) Chrome/90.0.4430.93 Safari/537.36"
::1 - - [13/May/2021:17:26:18 +0000] "GET /api/v1/verify/%242a%2408%24cP9cdfFIKZGRxq.yQNs4luBJg/nNhqFJQcbaYlJ.ED1BuCvC3Mouy HTTP/1.1" 404 219 "-" "insomnia/2021.3.0"
::1 - - [13/May/2021:17:28:28 +0000] "GET /api/v1/verify/%242a%2408%24cP9cdfFIKZGRxq.yQNs4luBJg/nNhqFJQcbaYlJ.ED1BuCvC3Mouy HTTP/1.1" 404 219 "-" "insomnia/2021.3.0"
::1 - - [13/May/2021:17:28:34 +0000] "GET /api/v1/verify/%242a%2408%24cP9cdfFIKZGRxq.yQNs4luBJg/nNhqFJQcbaYlJ.ED1BuCvC3Mouy HTTP/1.1" 404 219 "-" "insomnia/2021.3.0"
::1 - - [13/May/2021:17:31:31 +0000] "GET /api/v1/verify/%242a%2408%24cP9cdfFIKZGRxq.yQNs4luBJg/nNhqFJQcbaYlJ.ED1BuCvC3Mouy HTTP/1.1" 404 219 "-" "insomnia/2021.3.0"
::1 - - [13/May/2021:17:35:08 +0000] "GET /api/v1/verify/%242a%2408%24cP9cdfFIKZGRxq.yQNs4luBJg/nNhqFJQcbaYlJ.ED1BuCvC3Mouy HTTP/1.1" 404 219 "-" "insomnia/2021.3.0"
::1 - - [13/May/2021:17:46:00 +0000] "POST /api/v1/users HTTP/1.1" 200 266 "-" "insomnia/2021.3.0"
::1 - - [13/May/2021:17:47:16 +0000] "GET /api/v1/verify/$2a$08$wJ1yDeFCxPexJBFAZF/N1OeYhi3u8.w/M6Hz/79OJLQLngYNhX8oS HTTP/1.1" 404 213 "-" "Mozilla/5.0 (Macintosh; Intel Mac OS X 10_15_7) AppleWebKit/537.36 (KHTML, like Gecko) Chrome/90.0.4430.93 Safari/537.36"
::1 - - [13/May/2021:18:29:43 +0000] "POST /api/v1/users HTTP/1.1" 200 265 "-" "insomnia/2021.3.0"
::1 - - [13/May/2021:18:32:16 +0000] "GET /api/v1/verify/%242a%2408%245gHzOsZfWMW9WqOoZtPpI.Nn0fL4dgH7IUvrQU6GGsMWuqqoWfsBm HTTP/1.1" - - "-" "insomnia/2021.3.0"
::1 - - [13/May/2021:18:32:24 +0000] "GET /api/v1/verify/$2a$08$5gHzOsZfWMW9WqOoZtPpI.Nn0fL4dgH7IUvrQU6GGsMWuqqoWfsBm HTTP/1.1" - - "-" "Mozilla/5.0 (Macintosh; Intel Mac OS X 10_15_7) AppleWebKit/537.36 (KHTML, like Gecko) Chrome/90.0.4430.93 Safari/537.36"
::1 - - [13/May/2021:18:32:30 +0000] "GET /api/v1/verify/$2a$08$5gHzOsZfWMW9WqOoZtPpI.Nn0fL4dgH7IUvrQU6GGsMWuqqoWfsBm HTTP/1.1" - - "-" "Mozilla/5.0 (Macintosh; Intel Mac OS X 10_15_7) AppleWebKit/537.36 (KHTML, like Gecko) Chrome/90.0.4430.93 Safari/537.36"
::1 - - [13/May/2021:18:35:41 +0000] "GET /api/v1/verify/%242a%2408%245gHzOsZfWMW9WqOoZtPpI.Nn0fL4dgH7IUvrQU6GGsMWuqqoWfsBm HTTP/1.1" - - "-" "insomnia/2021.3.0"
::1 - - [13/May/2021:18:36:03 +0000] "GET /api/v1/verify/%242a%2408%245gHzOsZfWMW9WqOoZtPpI.Nn0fL4dgH7IUvrQU6GGsMWuqqoWfsBm HTTP/1.1" 200 169 "-" "insomnia/2021.3.0"
::1 - - [13/May/2021:18:38:35 +0000] "GET /api/v1/verify/%242a%2408%245gHzOsZfWMW9WqOoZtPpI.Nn0fL4dgH7IUvrQU6GGsMWuqqoWfsBm HTTP/1.1" 200 169 "-" "insomnia/2021.3.0"
::1 - - [13/May/2021:18:47:17 +0000] "GET /api/v1/verify/%242a%2408%245gHzOsZfWMW9WqOoZtPpI.Nn0fL4dgH7IUvrQU6GGsMWuqqoWfsBm HTTP/1.1" 200 169 "-" "insomnia/2021.3.0"
::1 - - [13/May/2021:18:56:17 +0000] "GET /api/v1/verify/%242a%2408%245gHzOsZfWMW9WqOoZtPpI.Nn0fL4dgH7IUvrQU6GGsMWuqqoWfsBm HTTP/1.1" 200 3 "-" "insomnia/2021.3.0"
::1 - - [13/May/2021:18:56:18 +0000] "GET /api/v1/verify/%242a%2408%245gHzOsZfWMW9WqOoZtPpI.Nn0fL4dgH7IUvrQU6GGsMWuqqoWfsBm HTTP/1.1" 200 3 "-" "insomnia/2021.3.0"
::1 - - [13/May/2021:19:00:57 +0000] "GET /api/v1/verify/$2a$08$5gHzOsZfWMW9WqOoZtPpI.Nn0fL4dgH7IUvrQU6GGsMWuqqoWfsBm HTTP/1.1" 200 3 "-" "Mozilla/5.0 (Macintosh; Intel Mac OS X 10_15_7) AppleWebKit/537.36 (KHTML, like Gecko) Chrome/90.0.4430.93 Safari/537.36"
::1 - - [13/May/2021:19:00:57 +0000] "GET /favicon.ico HTTP/1.1" 404 150 "-" "Mozilla/5.0 (Macintosh; Intel Mac OS X 10_15_7) AppleWebKit/537.36 (KHTML, like Gecko) Chrome/90.0.4430.93 Safari/537.36"
::1 - - [13/May/2021:19:01:19 +0000] "GET /api/v1/verify/$2a$08$5gHzOsZfWMW9WqOoZtPpI.Nn0fL4dgH7IUvrQU6GGsMWuqqoWfsBm HTTP/1.1" 200 20 "-" "Mozilla/5.0 (Macintosh; Intel Mac OS X 10_15_7) AppleWebKit/537.36 (KHTML, like Gecko) Chrome/90.0.4430.93 Safari/537.36"
::1 - - [14/May/2021:03:35:37 +0000] "GET /api/v1/actors HTTP/1.1" 200 27 "-" "insomnia/2021.3.0"
::1 - - [14/May/2021:03:35:48 +0000] "POST /api/v1/users/ HTTP/1.1" 200 259 "-" "insomnia/2021.3.0"
::1 - - [14/May/2021:03:36:37 +0000] "GET /api/v1/actors HTTP/1.1" 200 27 "-" "insomnia/2021.3.0"
::1 - - [14/May/2021:03:37:00 +0000] "GET /api/v1/actors HTTP/1.1" 200 27 "-" "insomnia/2021.3.0"
::1 - - [14/May/2021:03:39:25 +0000] "GET /api/v1/login HTTP/1.1" - - "-" "insomnia/2021.3.0"
::1 - - [14/May/2021:03:40:28 +0000] "GET /api/v1/login HTTP/1.1" 200 534 "-" "insomnia/2021.3.0"
::1 - - [14/May/2021:03:40:52 +0000] "GET /api/v1/users HTTP/1.1" 200 27 "-" "insomnia/2021.3.0"
::1 - - [14/May/2021:03:41:05 +0000] "GET /api/v1/users HTTP/1.1" 200 1604 "-" "insomnia/2021.3.0"
::1 - - [14/May/2021:03:41:24 +0000] "GET /api/v1/actors HTTP/1.1" 200 27 "-" "insomnia/2021.3.0"
::1 - - [14/May/2021:03:41:40 +0000] "GET /api/v1/actors HTTP/1.1" 200 3315 "-" "insomnia/2021.3.0"
::1 - - [14/May/2021:04:00:01 +0000] "PUT /api/v1/actors/4/profile HTTP/1.1" 400 55 "-" "insomnia/2021.3.0"
::1 - - [14/May/2021:04:02:32 +0000] "PUT /api/v1/actors/4/profile HTTP/1.1" 200 103837 "-" "insomnia/2021.3.0"
::1 - - [14/May/2021:04:03:18 +0000] "PUT /api/v1/actors/3/profile HTTP/1.1" 200 103837 "-" "insomnia/2021.3.0"
::1 - - [14/May/2021:05:26:53 +0000] "PUT /api/v1/actors/3/profile HTTP/1.1" 200 27 "-" "insomnia/2021.3.0"
::1 - - [14/May/2021:05:27:24 +0000] "GET /api/v1/login HTTP/1.1" 200 534 "-" "insomnia/2021.3.0"
::1 - - [14/May/2021:05:27:45 +0000] "PUT /api/v1/actors/3/profile HTTP/1.1" 200 103837 "-" "insomnia/2021.3.0"
::1 - - [14/May/2021:05:32:21 +0000] "PUT /api/v1/actors/3/profile HTTP/1.1" 200 3 "-" "insomnia/2021.3.0"
::1 - - [14/May/2021:05:35:26 +0000] "PUT /api/v1/actors/3/profile HTTP/1.1" 200 3 "-" "insomnia/2021.3.0"
::1 - - [14/May/2021:05:36:28 +0000] "PUT /api/v1/actors/3/profile HTTP/1.1" 200 3 "-" "insomnia/2021.3.0"
::1 - - [14/May/2021:05:40:09 +0000] "PUT /api/v1/actors/3/profile HTTP/1.1" 200 3 "-" "insomnia/2021.3.0"
::1 - - [14/May/2021:05:42:11 +0000] "GET /favicon.ico HTTP/1.1" 404 150 "-" "Mozilla/5.0 (Macintosh; Intel Mac OS X 10_15_7) AppleWebKit/537.36 (KHTML, like Gecko) Chrome/90.0.4430.212 Safari/537.36"
::1 - - [14/May/2021:05:42:27 +0000] "GET /api/v1/verify/$2a$08$v/FjHF1rx5PjmDL.7rZqMeY2sAkqnUapIlbL56JCLlGY6cS8NTx9. HTTP/1.1" 404 213 "-" "Mozilla/5.0 (Macintosh; Intel Mac OS X 10_15_7) AppleWebKit/537.36 (KHTML, like Gecko) Chrome/90.0.4430.212 Safari/537.36"
::1 - - [14/May/2021:05:42:41 +0000] "GET /api/v1/verify/$2a$08$v/FjHF1rx5PjmDL.7rZqMeY2sAkqnUapIlbL56JCLlGY6cS8NTx9. HTTP/1.1" 404 213 "-" "Mozilla/5.0 (Macintosh; Intel Mac OS X 10_15_7) AppleWebKit/537.36 (KHTML, like Gecko) Chrome/90.0.4430.212 Safari/537.36"
::1 - - [14/May/2021:05:42:59 +0000] "GET /api/v1/verify/$2a$08$v/FjHF1rx5PjmDL.7rZqMeY2sAkqnUapIlbL56JCLlGY6cS8NTx9. HTTP/1.1" 404 213 "-" "Mozilla/5.0 (Macintosh; Intel Mac OS X 10_15_7) AppleWebKit/537.36 (KHTML, like Gecko) Chrome/90.0.4430.212 Safari/537.36"
::1 - - [14/May/2021:05:44:00 +0000] "POST /api/v1/users HTTP/1.1" 200 268 "-" "insomnia/2021.3.0"
::1 - - [14/May/2021:05:44:19 +0000] "GET /api/v1/verify/$2a$08$nI7MF5ycsIXwl2xcoeKzd.qgLjGqnU18QwlrSiy6ic0S0Lkuwv1zO HTTP/1.1" 200 20 "-" "Mozilla/5.0 (Macintosh; Intel Mac OS X 10_15_7) AppleWebKit/537.36 (KHTML, like Gecko) Chrome/90.0.4430.212 Safari/537.36"
::1 - - [14/May/2021:17:03:57 +0000] "GET /api/v1/directors HTTP/1.1" 500 61 "-" "insomnia/2021.3.0"
::1 - - [14/May/2021:17:04:06 +0000] "GET /api/v1/directors HTTP/1.1" 500 61 "-" "insomnia/2021.3.0"
::1 - - [14/May/2021:17:04:21 +0000] "GET /api/v1/login HTTP/1.1" 200 534 "-" "insomnia/2021.3.0"
::1 - - [14/May/2021:17:04:41 +0000] "GET /api/v1/directors HTTP/1.1" 500 61 "-" "insomnia/2021.3.0"
::1 - - [14/May/2021:17:06:09 +0000] "GET /api/v1/actors HTTP/1.1" 500 61 "-" "insomnia/2021.3.0"
::1 - - [14/May/2021:17:06:22 +0000] "GET /api/v1/actors HTTP/1.1" 500 61 "-" "insomnia/2021.3.0"
::1 - - [14/May/2021:17:10:34 +0000] "GET /api/v1/actors HTTP/1.1" 200 3315 "-" "insomnia/2021.3.0"
::1 - - [14/May/2021:17:11:02 +0000] "GET /api/v1/actors HTTP/1.1" 500 61 "-" "insomnia/2021.3.0"
::1 - - [14/May/2021:17:11:19 +0000] "GET /api/v1/actors HTTP/1.1" 200 3315 "-" "insomnia/2021.3.0"
::1 - - [14/May/2021:17:14:01 +0000] "GET /api/v1/actors HTTP/1.1" 200 3315 "-" "insomnia/2021.3.0"
::1 - - [14/May/2021:17:15:25 +0000] "GET /api/v1/actors HTTP/1.1" 500 61 "-" "insomnia/2021.3.0"
::1 - - [14/May/2021:17:15:38 +0000] "GET /api/v1/actors HTTP/1.1" 500 61 "-" "insomnia/2021.3.0"
::1 - - [14/May/2021:17:16:37 +0000] "GET /api/v1/actors HTTP/1.1" 500 61 "-" "insomnia/2021.3.0"
::1 - - [14/May/2021:17:17:02 +0000] "GET /api/v1/actors HTTP/1.1" 200 3315 "-" "insomnia/2021.3.0"
::1 - - [14/May/2021:17:17:12 +0000] "GET /api/v1/directors HTTP/1.1" 200 3062 "-" "insomnia/2021.3.0"
::1 - - [14/May/2021:17:17:26 +0000] "GET /api/v1/directors HTTP/1.1" 401 27 "-" "insomnia/2021.3.0"
::1 - - [14/May/2021:17:17:30 +0000] "GET /api/v1/directors HTTP/1.1" 200 3062 "-" "insomnia/2021.3.0"
::1 - - [14/May/2021:17:26:05 +0000] "GET /api/v1/users HTTP/1.1" 401 27 "-" "insomnia/2021.3.0"
::1 - - [14/May/2021:17:26:28 +0000] "GET /api/v1/users HTTP/1.1" 200 1872 "-" "insomnia/2021.3.0"
::1 - - [14/May/2021:17:33:56 +0000] "POST /api/v1/users HTTP/1.1" 200 263 "-" "insomnia/2021.3.0"
::1 - - [14/May/2021:17:34:37 +0000] "GET /api/v1/verify/$2a$08$HQ.SL3NiyCNNDeBVJqJpIeyAwY1WD6.7NHFB6i0qY47pOnJjaKQPa HTTP/1.1" 200 20 "-" "Mozilla/5.0 (Macintosh; Intel Mac OS X 10_15_7) AppleWebKit/537.36 (KHTML, like Gecko) Chrome/90.0.4430.212 Safari/537.36"
::1 - - [14/May/2021:17:34:43 +0000] "GET /api/v1/verify/$2a$08$HQ.SL3NiyCNNDeBVJqJpIeyAwY1WD6.7NHFB6i0qY47pOnJjaKQPa HTTP/1.1" 304 - "-" "Mozilla/5.0 (Macintosh; Intel Mac OS X 10_15_7) AppleWebKit/537.36 (KHTML, like Gecko) Chrome/90.0.4430.212 Safari/537.36"
::1 - - [14/May/2021:17:39:24 +0000] "GET /api/v1/verify/$2a$08$HQ.SL3NiyCNNDeBVJqJpIeyAwY1WD6.7NHFB6i0qY47pOnJjaKQPa HTTP/1.1" 304 - "-" "Mozilla/5.0 (Macintosh; Intel Mac OS X 10_15_7) AppleWebKit/537.36 (KHTML, like Gecko) Chrome/90.0.4430.212 Safari/537.36"
::1 - - [14/May/2021:17:43:01 +0000] "GET /api/v1/verify/$2a$08$HQ.SL3NiyCNNDeBVJqJpIeyAwY1WD6.7NHFB6i0qY47pOnJjaKQPa HTTP/1.1" 304 - "-" "Mozilla/5.0 (Macintosh; Intel Mac OS X 10_15_7) AppleWebKit/537.36 (KHTML, like Gecko) Chrome/90.0.4430.212 Safari/537.36"
::1 - - [14/May/2021:17:45:16 +0000] "GET /api/v1/verify/$2a$08$HQ.SL3NiyCNNDeBVJqJpIeyAwY1WD6.7NHFB6i0qY47pOnJjaKQPa HTTP/1.1" 200 23 "-" "Mozilla/5.0 (Macintosh; Intel Mac OS X 10_15_7) AppleWebKit/537.36 (KHTML, like Gecko) Chrome/90.0.4430.212 Safari/537.36"
::1 - - [14/May/2021:17:45:53 +0000] "POST /api/v1/users HTTP/1.1" 200 266 "-" "insomnia/2021.3.0"
::1 - - [14/May/2021:17:46:23 +0000] "GET /api/v1/verify/$2a$08$QTI6Y5RpKjOWOa3wOw6lq.sd5.e5tb7xnwOYzXz2hS1DBtQ1F96PS HTTP/1.1" 200 23 "-" "Mozilla/5.0 (Macintosh; Intel Mac OS X 10_15_7) AppleWebKit/537.36 (KHTML, like Gecko) Chrome/90.0.4430.212 Safari/537.36"
::1 - - [14/May/2021:17:47:15 +0000] "GET /api/v1/verify/$2a$08$QTI6Y5RpKjOWOa3wOw6lq.sd5.e5tb7xnwOYzXz2hS1DBtQ1F96PS HTTP/1.1" 304 - "-" "Mozilla/5.0 (Macintosh; Intel Mac OS X 10_15_7) AppleWebKit/537.36 (KHTML, like Gecko) Chrome/90.0.4430.212 Safari/537.36"
::1 - - [14/May/2021:17:56:15 +0000] "GET /api/v1/verify/$2a$08$QTI6Y5RpKjOWOa3wOw6lq.sd5.e5tb7xnwOYzXz2hS1DBtQ1F96PS HTTP/1.1" 304 - "-" "Mozilla/5.0 (Macintosh; Intel Mac OS X 10_15_7) AppleWebKit/537.36 (KHTML, like Gecko) Chrome/90.0.4430.212 Safari/537.36"
::1 - - [14/May/2021:17:57:13 +0000] "POST /api/v1/users HTTP/1.1" 200 269 "-" "insomnia/2021.3.0"
::1 - - [14/May/2021:17:57:30 +0000] "GET /api/v1/verify/$2a$08$QK6ola1A6g.GLVJ.i3U39.Ws5IasE7uNhhTkqgWAKi5w7CB22mZbu HTTP/1.1" 200 23 "-" "Mozilla/5.0 (Macintosh; Intel Mac OS X 10_15_7) AppleWebKit/537.36 (KHTML, like Gecko) Chrome/90.0.4430.212 Safari/537.36"
::1 - - [14/May/2021:17:58:20 +0000] "GET /api/v1/verify/$2a$08$QK6ola1A6g.GLVJ.i3U39.Ws5IasE7uNhhTkqgWAKi5w7CB22mZbu HTTP/1.1" 304 - "-" "Mozilla/5.0 (Macintosh; Intel Mac OS X 10_15_7) AppleWebKit/537.36 (KHTML, like Gecko) Chrome/90.0.4430.212 Safari/537.36"
::1 - - [14/May/2021:17:58:32 +0000] "GET /api/v1/verify/$2a$08$QK6ola1A6g.GLVJ.i3U39.Ws5IasE7uNhhTkqgWAKi5w7CB22mZbu HTTP/1.1" 200 20 "-" "Mozilla/5.0 (Macintosh; Intel Mac OS X 10_15_7) AppleWebKit/537.36 (KHTML, like Gecko) Chrome/90.0.4430.212 Safari/537.36"
::1 - - [14/May/2021:18:09:59 +0000] "GET /api/v1/users HTTP/1.1" 401 27 "-" "insomnia/2021.3.0"
::1 - - [14/May/2021:18:10:08 +0000] "GET /api/v1/login HTTP/1.1" 200 534 "-" "insomnia/2021.3.0"
::1 - - [14/May/2021:18:10:30 +0000] "GET /api/v1/users HTTP/1.1" 500 61 "-" "insomnia/2021.3.0"
::1 - - [14/May/2021:18:10:40 +0000] "GET /api/v1/users HTTP/1.1" 500 61 "-" "insomnia/2021.3.0"
::1 - - [14/May/2021:18:11:39 +0000] "GET /api/v1/users?page=3 HTTP/1.1" 200 21 "-" "insomnia/2021.3.0"
::1 - - [14/May/2021:18:11:52 +0000] "GET /api/v1/users?page=1 HTTP/1.1" 200 813 "-" "insomnia/2021.3.0"
::1 - - [14/May/2021:18:12:45 +0000] "GET /api/v1/users?page=7 HTTP/1.1" 200 21 "-" "insomnia/2021.3.0"
::1 - - [14/May/2021:18:16:31 +0000] "GET /api/v1/users?page=2 HTTP/1.1" 200 818 "-" "insomnia/2021.3.0"
::1 - - [14/May/2021:18:16:39 +0000] "GET /api/v1/users?page=1 HTTP/1.1" 200 813 "-" "insomnia/2021.3.0"
::1 - - [15/May/2021:00:43:59 +0000] "POST /api/v1/users HTTP/1.1" 200 263 "-" "insomnia/2021.3.0"
::1 - - [15/May/2021:00:44:36 +0000] "GET /api/v1/verify/$2a$08$nWas59ZRa1bpCdqn7R1kuuBjoUSzksvblnMPw1gH9D.jifDH0iKMu HTTP/1.1" 200 20 "-" "Mozilla/5.0 (Macintosh; Intel Mac OS X 10_15_7) AppleWebKit/537.36 (KHTML, like Gecko) Chrome/90.0.4430.212 Safari/537.36"
::1 - - [15/May/2021:00:46:24 +0000] "POST /api/v1/users/ HTTP/1.1" 200 259 "-" "insomnia/2021.3.0"
::1 - - [15/May/2021:00:46:48 +0000] "GET /api/v1/verify/$2a$08$wLVAGVYzOWy9Fo7Qdp1hjubUcGOYWJR4kR6EIoiP0U0TLGphRwVpS HTTP/1.1" 200 20 "-" "Mozilla/5.0 (Macintosh; Intel Mac OS X 10_15_7) AppleWebKit/537.36 (KHTML, like Gecko) Chrome/90.0.4430.212 Safari/537.36"
::1 - - [15/May/2021:00:46:59 +0000] "GET /api/v1/login HTTP/1.1" 200 534 "-" "insomnia/2021.3.0"
::1 - - [15/May/2021:00:47:28 +0000] "GET /api/v1/actors HTTP/1.1" 200 3315 "-" "insomnia/2021.3.0"
::1 - - [15/May/2021:00:47:38 +0000] "GET /api/v1/users?page=1 HTTP/1.1" 401 27 "-" "insomnia/2021.3.0"
::1 - - [15/May/2021:00:47:49 +0000] "GET /api/v1/users?page=1 HTTP/1.1" 200 813 "-" "insomnia/2021.3.0"
::1 - - [15/May/2021:01:11:25 +0000] "POST /api/v1/users HTTP/1.1" 200 262 "-" "insomnia/2021.3.0"
::1 - - [15/May/2021:01:44:43 +0000] "PUT /api/v1/actors/3/profile HTTP/1.1" 401 27 "-" "insomnia/2021.3.0"
::1 - - [15/May/2021:01:45:03 +0000] "PUT /api/v1/actors/3/profile HTTP/1.1" 200 3 "-" "insomnia/2021.3.0"
::1 - - [15/May/2021:01:50:25 +0000] "PUT /api/v1/actors/3/profile HTTP/1.1" 401 27 "-" "insomnia/2021.3.0"
::1 - - [15/May/2021:01:50:34 +0000] "GET /api/v1/login HTTP/1.1" 200 534 "-" "insomnia/2021.3.0"
::1 - - [15/May/2021:01:50:48 +0000] "PUT /api/v1/actors/3/profile HTTP/1.1" 200 3 "-" "insomnia/2021.3.0"
::1 - - [15/May/2021:01:53:30 +0000] "PUT /api/v1/actors/3/profile HTTP/1.1" 200 3 "-" "insomnia/2021.3.0"
::1 - - [15/May/2021:01:53:57 +0000] "PUT /api/v1/actors/3/profile HTTP/1.1" 200 265 "-" "insomnia/2021.3.0"
::1 - - [17/May/2021:21:32:29 +0000] "PUT /api/v1/actors/3/profile HTTP/1.1" 401 27 "-" "insomnia/2021.3.0"
::1 - - [17/May/2021:21:32:36 +0000] "GET /api/v1/login HTTP/1.1" 200 534 "-" "insomnia/2021.3.0"
::1 - - [17/May/2021:21:33:40 +0000] "PUT /api/v1/actors/3/profile HTTP/1.1" 200 265 "-" "insomnia/2021.3.0"
::1 - - [17/May/2021:21:34:17 +0000] "PUT /api/v1/actors/3/profile HTTP/1.1" 200 265 "-" "insomnia/2021.3.0"
::1 - - [17/May/2021:21:38:05 +0000] "PUT /api/v1/actors/3/profile HTTP/1.1" 200 3 "-" "insomnia/2021.3.0"
::1 - - [17/May/2021:21:39:05 +0000] "PUT /api/v1/actors/3/profile HTTP/1.1" 200 3 "-" "insomnia/2021.3.0"
::1 - - [17/May/2021:21:39:31 +0000] "PUT /api/v1/actors/3/profile HTTP/1.1" 200 3 "-" "insomnia/2021.3.0"
::1 - - [17/May/2021:21:42:18 +0000] "GET /api/v1/actors HTTP/1.1" 401 27 "-" "insomnia/2021.3.0"
::1 - - [17/May/2021:21:42:40 +0000] "GET /api/v1/actors HTTP/1.1" 200 3315 "-" "insomnia/2021.3.0"
::1 - - [17/May/2021:21:43:26 +0000] "PUT /api/v1/actors/3/profile HTTP/1.1" 200 3 "-" "insomnia/2021.3.0"
::1 - - [17/May/2021:21:43:38 +0000] "GET /api/v1/actors HTTP/1.1" 200 3315 "-" "insomnia/2021.3.0"
::1 - - [17/May/2021:21:44:28 +0000] "GET /api/v1/actors HTTP/1.1" 200 3315 "-" "insomnia/2021.3.0"
::1 - - [17/May/2021:21:44:34 +0000] "PUT /api/v1/actors/3/profile HTTP/1.1" 200 21 "-" "insomnia/2021.3.0"
::1 - - [17/May/2021:21:44:50 +0000] "GET /api/v1/actors HTTP/1.1" 200 3315 "-" "insomnia/2021.3.0"
::1 - - [17/May/2021:21:45:36 +0000] "PUT /api/v1/actors/3/profile HTTP/1.1" 401 27 "-" "insomnia/2021.3.0"
::1 - - [17/May/2021:21:45:41 +0000] "PUT /api/v1/actors/3/profile HTTP/1.1" 200 21 "-" "insomnia/2021.3.0"
::1 - - [17/May/2021:21:50:57 +0000] "PUT /api/v1/directors/3/profile HTTP/1.1" 200 231 "-" "insomnia/2021.3.0"
::1 - - [17/May/2021:21:51:35 +0000] "PUT /api/v1/directors/3/profile HTTP/1.1" 200 231 "-" "insomnia/2021.3.0"
::1 - - [17/May/2021:21:52:02 +0000] "PUT /api/v1/directors/3/profile HTTP/1.1" 200 22 "-" "insomnia/2021.3.0"
::1 - - [17/May/2021:21:56:57 +0000] "GET /api/v1/users?page=1 HTTP/1.1" 401 27 "-" "insomnia/2021.3.0"
::1 - - [17/May/2021:21:57:23 +0000] "GET /api/v1/users?page=1 HTTP/1.1" 401 27 "-" "insomnia/2021.3.0"
::1 - - [17/May/2021:21:57:42 +0000] "GET /api/v1/users?page=1 HTTP/1.1" 200 813 "-" "insomnia/2021.3.0"
::1 - - [17/May/2021:21:57:50 +0000] "GET /api/v1/users?page=1 HTTP/1.1" 200 813 "-" "insomnia/2021.3.0"
::1 - - [17/May/2021:22:19:56 +0000] "GET /api/v1/users?page=1 HTTP/1.1" 500 61 "-" "insomnia/2021.3.0"
::1 - - [17/May/2021:22:23:05 +0000] "GET /api/v1/users?page=1 HTTP/1.1" 500 61 "-" "insomnia/2021.3.0"
::1 - - [17/May/2021:22:23:05 +0000] "GET /api/v1/users?page=1 HTTP/1.1" 500 61 "-" "insomnia/2021.3.0"
::1 - - [17/May/2021:22:23:28 +0000] "GET /api/v1/users?page=1 HTTP/1.1" 500 61 "-" "insomnia/2021.3.0"
::1 - - [17/May/2021:22:23:55 +0000] "GET /api/v1/users?page=1 HTTP/1.1" 500 61 "-" "insomnia/2021.3.0"
::1 - - [17/May/2021:22:24:00 +0000] "GET /api/v1/users?page=1 HTTP/1.1" 500 61 "-" "insomnia/2021.3.0"
::1 - - [17/May/2021:22:24:09 +0000] "GET /api/v1/users?page=1 HTTP/1.1" 500 61 "-" "insomnia/2021.3.0"
::1 - - [17/May/2021:22:24:43 +0000] "GET /api/v1/users?page=1 HTTP/1.1" 200 2 "-" "insomnia/2021.3.0"
::1 - - [17/May/2021:22:25:02 +0000] "GET /api/v1/users?page=1 HTTP/1.1" 200 3437 "-" "insomnia/2021.3.0"
::1 - - [17/May/2021:22:27:26 +0000] "GET /api/v1/users?page=1 HTTP/1.1" 200 3449 "-" "insomnia/2021.3.0"
::1 - - [17/May/2021:22:28:56 +0000] "GET /api/v1/users?page=1 HTTP/1.1" 500 61 "-" "insomnia/2021.3.0"
::1 - - [17/May/2021:22:29:06 +0000] "GET /api/v1/users?page=1 HTTP/1.1" 500 61 "-" "insomnia/2021.3.0"
::1 - - [17/May/2021:22:29:30 +0000] "GET /api/v1/users?page=1 HTTP/1.1" 200 3449 "-" "insomnia/2021.3.0"
::1 - - [17/May/2021:22:31:46 +0000] "GET /api/v1/users?page=2 HTTP/1.1" 200 3449 "-" "insomnia/2021.3.0"
::1 - - [17/May/2021:22:35:06 +0000] "GET /api/v1/users?page=2 HTTP/1.1" 401 27 "-" "insomnia/2021.3.0"
::1 - - [17/May/2021:22:35:15 +0000] "GET /api/v1/login HTTP/1.1" 200 534 "-" "insomnia/2021.3.0"
::1 - - [17/May/2021:22:35:31 +0000] "GET /api/v1/users?page=2 HTTP/1.1" 200 3449 "-" "insomnia/2021.3.0"
::1 - - [17/May/2021:22:36:30 +0000] "GET /api/v1/users?page=2 HTTP/1.1" 200 3449 "-" "insomnia/2021.3.0"
::1 - - [17/May/2021:22:37:46 +0000] "GET /api/v1/users?page=2 HTTP/1.1" 200 3449 "-" "insomnia/2021.3.0"
::1 - - [17/May/2021:22:38:56 +0000] "GET /api/v1/users?page=2 HTTP/1.1" 200 2 "-" "insomnia/2021.3.0"
::1 - - [17/May/2021:22:39:43 +0000] "GET /api/v1/users?page=2 HTTP/1.1" 200 - "-" "insomnia/2021.3.0"
::1 - - [17/May/2021:22:39:53 +0000] "GET /api/v1/users?page=2 HTTP/1.1" 200 - "-" "insomnia/2021.3.0"
::1 - - [17/May/2021:22:40:37 +0000] "GET /api/v1/users?page=2 HTTP/1.1" 200 - "-" "insomnia/2021.3.0"
::1 - - [17/May/2021:22:41:17 +0000] "GET /api/v1/users?page=2 HTTP/1.1" - - "-" "insomnia/2021.3.0"
::1 - - [17/May/2021:22:41:28 +0000] "GET /api/v1/users?page=2 HTTP/1.1" - - "-" "insomnia/2021.3.0"
::1 - - [17/May/2021:22:41:49 +0000] "GET /api/v1/users?page=2 HTTP/1.1" - - "-" "insomnia/2021.3.0"
::1 - - [17/May/2021:22:42:20 +0000] "GET /api/v1/users?page=2 HTTP/1.1" 200 3449 "-" "insomnia/2021.3.0"
::1 - - [17/May/2021:22:43:04 +0000] "GET /api/v1/users?page=2 HTTP/1.1" 200 3449 "-" "insomnia/2021.3.0"
::1 - - [17/May/2021:22:43:39 +0000] "GET /api/v1/users?page=2 HTTP/1.1" 200 3449 "-" "insomnia/2021.3.0"
::1 - - [17/May/2021:22:43:46 +0000] "GET /api/v1/users?page=2 HTTP/1.1" 200 3449 "-" "insomnia/2021.3.0"
::1 - - [17/May/2021:22:44:15 +0000] "GET /api/v1/users?page=2 HTTP/1.1" 200 3509 "-" "insomnia/2021.3.0"
::1 - - [17/May/2021:22:44:54 +0000] "GET /api/v1/users?page=2 HTTP/1.1" 200 3509 "-" "insomnia/2021.3.0"
::1 - - [17/May/2021:22:45:46 +0000] "GET /api/v1/users?page=2 HTTP/1.1" 200 3509 "-" "insomnia/2021.3.0"
::1 - - [17/May/2021:22:46:14 +0000] "GET /api/v1/users?page=2 HTTP/1.1" 200 3449 "-" "insomnia/2021.3.0"
::1 - - [17/May/2021:22:46:58 +0000] "GET /api/v1/users?page=2 HTTP/1.1" 200 3509 "-" "insomnia/2021.3.0"
::1 - - [17/May/2021:22:47:32 +0000] "GET /api/v1/users?page=2 HTTP/1.1" 200 3509 "-" "insomnia/2021.3.0"
::1 - - [17/May/2021:22:48:36 +0000] "GET /api/v1/users?page=2 HTTP/1.1" 200 61 "-" "insomnia/2021.3.0"
::1 - - [17/May/2021:22:50:30 +0000] "GET /api/v1/users?page=2 HTTP/1.1" - - "-" "insomnia/2021.3.0"
::1 - - [17/May/2021:22:50:53 +0000] "GET /api/v1/users?page=2 HTTP/1.1" 200 33 "-" "insomnia/2021.3.0"
::1 - - [17/May/2021:22:51:15 +0000] "GET /api/v1/users?page=2 HTTP/1.1" - - "-" "insomnia/2021.3.0"
::1 - - [17/May/2021:22:52:06 +0000] "GET /api/v1/users?page=2 HTTP/1.1" - - "-" "insomnia/2021.3.0"
::1 - - [17/May/2021:22:52:46 +0000] "GET /api/v1/users?page=2 HTTP/1.1" 200 33 "-" "insomnia/2021.3.0"
::1 - - [17/May/2021:22:54:05 +0000] "GET /api/v1/users?page=2 HTTP/1.1" - - "-" "insomnia/2021.3.0"
::1 - - [17/May/2021:22:54:23 +0000] "GET /api/v1/users?page=2 HTTP/1.1" - - "-" "insomnia/2021.3.0"
::1 - - [17/May/2021:22:55:18 +0000] "GET /api/v1/users?page=2 HTTP/1.1" 200 3481 "-" "insomnia/2021.3.0"
::1 - - [17/May/2021:22:55:52 +0000] "GET /api/v1/users?page=2 HTTP/1.1" 200 862 "-" "insomnia/2021.3.0"
::1 - - [17/May/2021:22:56:25 +0000] "GET /api/v1/users?page=2 HTTP/1.1" 200 862 "-" "insomnia/2021.3.0"
::1 - - [17/May/2021:22:57:14 +0000] "GET /api/v1/users?page=2 HTTP/1.1" 200 862 "-" "insomnia/2021.3.0"
::1 - - [17/May/2021:22:58:48 +0000] "GET /api/v1/users?page=2 HTTP/1.1" 200 862 "-" "insomnia/2021.3.0"
::1 - - [17/May/2021:22:59:19 +0000] "GET /api/v1/users?page=2 HTTP/1.1" 200 862 "-" "insomnia/2021.3.0"
::1 - - [17/May/2021:23:00:02 +0000] "GET /api/v1/users?page=2 HTTP/1.1" 200 862 "-" "insomnia/2021.3.0"
::1 - - [17/May/2021:23:01:03 +0000] "GET /api/v1/users?page=2 HTTP/1.1" 200 862 "-" "insomnia/2021.3.0"
::1 - - [17/May/2021:23:01:37 +0000] "GET /api/v1/users?page=2 HTTP/1.1" 200 862 "-" "insomnia/2021.3.0"
::1 - - [17/May/2021:23:02:20 +0000] "GET /api/v1/users?page=2 HTTP/1.1" 200 862 "-" "insomnia/2021.3.0"
::1 - - [17/May/2021:23:02:43 +0000] "GET /api/v1/users?page=2 HTTP/1.1" 200 890 "-" "insomnia/2021.3.0"
::1 - - [17/May/2021:23:03:26 +0000] "GET /api/v1/users?page=2 HTTP/1.1" 200 890 "-" "insomnia/2021.3.0"
::1 - - [17/May/2021:23:03:50 +0000] "GET /api/v1/users?page=2 HTTP/1.1" 200 890 "-" "insomnia/2021.3.0"
::1 - - [17/May/2021:23:06:50 +0000] "GET /api/v1/users?page=2 HTTP/1.1" 200 932 "-" "insomnia/2021.3.0"
::1 - - [17/May/2021:23:07:16 +0000] "GET /api/v1/users?page=2 HTTP/1.1" 200 974 "-" "insomnia/2021.3.0"
::1 - - [17/May/2021:23:08:17 +0000] "GET /api/v1/users?page=2 HTTP/1.1" 200 1044 "-" "insomnia/2021.3.0"
::1 - - [17/May/2021:23:09:46 +0000] "GET /api/v1/users?page=2 HTTP/1.1" 500 61 "-" "insomnia/2021.3.0"
::1 - - [17/May/2021:23:10:26 +0000] "GET /api/v1/users?page=2 HTTP/1.1" 200 1044 "-" "insomnia/2021.3.0"
::1 - - [17/May/2021:23:11:45 +0000] "GET /api/v1/users?page=2 HTTP/1.1" 200 1053 "-" "insomnia/2021.3.0"
::1 - - [17/May/2021:23:12:55 +0000] "GET /api/v1/users?page=2 HTTP/1.1" 200 1063 "-" "insomnia/2021.3.0"
::1 - - [17/May/2021:23:13:27 +0000] "GET /api/v1/users?page=3 HTTP/1.1" 200 718 "-" "insomnia/2021.3.0"
::1 - - [17/May/2021:23:14:14 +0000] "GET /api/v1/users?page=3 HTTP/1.1" 200 718 "-" "insomnia/2021.3.0"
::1 - - [17/May/2021:23:15:45 +0000] "GET /api/v1/users?page=1 HTTP/1.1" 200 984 "-" "insomnia/2021.3.0"
::1 - - [17/May/2021:23:16:22 +0000] "GET /api/v1/users?page=3 HTTP/1.1" 200 718 "-" "insomnia/2021.3.0"
::1 - - [17/May/2021:23:17:46 +0000] "GET /api/v1/users?page=2 HTTP/1.1" 200 1063 "-" "insomnia/2021.3.0"
::1 - - [17/May/2021:23:20:08 +0000] "GET /api/v1/users?page=1 HTTP/1.1" 200 984 "-" "insomnia/2021.3.0"
::1 - - [17/May/2021:23:20:31 +0000] "GET /api/v1/users?page=2 HTTP/1.1" 200 1063 "-" "insomnia/2021.3.0"
::1 - - [17/May/2021:23:27:37 +0000] "GET /api/v1/users?page=2 HTTP/1.1" 500 61 "-" "insomnia/2021.3.0"
::1 - - [17/May/2021:23:27:52 +0000] "GET /api/v1/users?page=2 HTTP/1.1" 500 61 "-" "insomnia/2021.3.0"
::1 - - [17/May/2021:23:28:49 +0000] "GET /api/v1/users?page=2 HTTP/1.1" 500 61 "-" "insomnia/2021.3.0"
::1 - - [17/May/2021:23:29:26 +0000] "GET /api/v1/users?page=2 HTTP/1.1" 200 993 "-" "insomnia/2021.3.0"
::1 - - [17/May/2021:23:29:57 +0000] "GET /api/v1/users?page=2 HTTP/1.1" 200 993 "-" "insomnia/2021.3.0"
::1 - - [17/May/2021:23:31:36 +0000] "GET /api/v1/users?page=2 HTTP/1.1" 200 993 "-" "insomnia/2021.3.0"
::1 - - [17/May/2021:23:32:38 +0000] "GET /api/v1/users?page=2 HTTP/1.1" 200 1135 "-" "insomnia/2021.3.0"
::1 - - [17/May/2021:23:38:01 +0000] "GET /api/v1/users?page=2 HTTP/1.1" 401 27 "-" "insomnia/2021.3.0"
::1 - - [17/May/2021:23:38:15 +0000] "GET /api/v1/login HTTP/1.1" 200 534 "-" "insomnia/2021.3.0"
::1 - - [17/May/2021:23:38:34 +0000] "GET /api/v1/users?page=2 HTTP/1.1" 200 993 "-" "insomnia/2021.3.0"
::1 - - [17/May/2021:23:39:01 +0000] "GET /api/v1/users?page=2 HTTP/1.1" 500 61 "-" "insomnia/2021.3.0"
::1 - - [17/May/2021:23:39:43 +0000] "GET /api/v1/users?page=2 HTTP/1.1" 500 61 "-" "insomnia/2021.3.0"
::1 - - [17/May/2021:23:40:49 +0000] "GET /api/v1/users?page=2 HTTP/1.1" 500 61 "-" "insomnia/2021.3.0"
::1 - - [17/May/2021:23:42:00 +0000] "GET /api/v1/users?page=2 HTTP/1.1" 500 61 "-" "insomnia/2021.3.0"
::1 - - [17/May/2021:23:42:08 +0000] "GET /api/v1/users?page=2 HTTP/1.1" 500 61 "-" "insomnia/2021.3.0"
::1 - - [17/May/2021:23:42:59 +0000] "GET /api/v1/users?page=2 HTTP/1.1" 404 151 "-" "insomnia/2021.3.0"
::1 - - [17/May/2021:23:44:03 +0000] "GET /api/v1/users?page=2 HTTP/1.1" 200 860 "-" "insomnia/2021.3.0"
::1 - - [17/May/2021:23:44:30 +0000] "GET /api/v1/users?page=2 HTTP/1.1" 200 1074 "-" "insomnia/2021.3.0"
::1 - - [17/May/2021:23:46:26 +0000] "GET /api/v1/users?page=2 HTTP/1.1" 500 61 "-" "insomnia/2021.3.0"
::1 - - [17/May/2021:23:46:59 +0000] "GET /api/v1/users?page=2 HTTP/1.1" 500 61 "-" "insomnia/2021.3.0"
::1 - - [17/May/2021:23:47:15 +0000] "GET /api/v1/users?page=2 HTTP/1.1" 500 61 "-" "insomnia/2021.3.0"
::1 - - [17/May/2021:23:47:43 +0000] "GET /api/v1/users?page=2 HTTP/1.1" 500 61 "-" "insomnia/2021.3.0"
::1 - - [17/May/2021:23:48:01 +0000] "GET /api/v1/users?page=2 HTTP/1.1" 200 1004 "-" "insomnia/2021.3.0"
::1 - - [17/May/2021:23:48:24 +0000] "GET /api/v1/users?page=1 HTTP/1.1" 200 925 "-" "insomnia/2021.3.0"
::1 - - [17/May/2021:23:48:35 +0000] "GET /api/v1/users?page=2 HTTP/1.1" 200 1004 "-" "insomnia/2021.3.0"
::1 - - [17/May/2021:23:48:47 +0000] "GET /api/v1/users?page=3 HTTP/1.1" 200 729 "-" "insomnia/2021.3.0"
::1 - - [17/May/2021:23:49:17 +0000] "GET /api/v1/users?page=1 HTTP/1.1" 200 925 "-" "insomnia/2021.3.0"
::1 - - [17/May/2021:23:49:41 +0000] "GET /api/v1/users?page=2 HTTP/1.1" 200 1004 "-" "insomnia/2021.3.0"
::1 - - [17/May/2021:23:49:58 +0000] "GET /api/v1/users?page=3 HTTP/1.1" 200 729 "-" "insomnia/2021.3.0"
::1 - - [17/May/2021:23:52:48 +0000] "GET /api/v1/users?page=2 HTTP/1.1" 200 1004 "-" "insomnia/2021.3.0"
::1 - - [17/May/2021:23:54:02 +0000] "GET /api/v1/users?page=1 HTTP/1.1" 200 925 "-" "insomnia/2021.3.0"
::1 - - [17/May/2021:23:54:08 +0000] "GET /api/v1/users?page=2 HTTP/1.1" 200 1004 "-" "insomnia/2021.3.0"
::1 - - [17/May/2021:23:54:14 +0000] "GET /api/v1/users?page=3 HTTP/1.1" 200 729 "-" "insomnia/2021.3.0"
::1 - - [17/May/2021:23:54:21 +0000] "GET /api/v1/users?page=2 HTTP/1.1" 200 1004 "-" "insomnia/2021.3.0"
::1 - - [17/May/2021:23:54:47 +0000] "GET /api/v1/users?page=2 HTTP/1.1" 200 1074 "-" "insomnia/2021.3.0"
